[2017-07-13 13:02:49][128077102 -> bot]: тест
[2017-07-13 13:03:50][128077102 -> bot]: /start
[2017-07-13 13:03:50][bot -> 128077102]: Ща погоди... Ну! Чего там у тебя? Столицу какой страны ты забыл?!
[2017-07-13 13:04:00][128077102 -> bot]: Россия
[2017-07-13 13:04:00][bot -> 128077102]: Москва Поколение дибилов, блять!
[2017-07-13 13:06:18][-229031523 -> bot]: /start@Countrysearchbot
[2017-07-13 13:06:55][-229031523 -> bot]: /help@Countrysearchbot
[2017-07-13 13:07:11][-229031523 -> bot]: /start@Countrysearchbot
[2017-07-13 13:08:31][-229031523 -> bot]: /start@Countrysearchbot
[2017-07-13 13:30:06][128077102 -> bot]: тест
[2017-07-13 13:35:26][128077102 -> bot]: тест
[2017-07-13 13:39:51][128077102 -> bot]: тест
[2017-07-13 13:39:59][-229031523 -> bot]: /start@Countrysearchbot
[2017-07-13 13:57:29][-229031523 -> bot]: /start@Countrysearchbot
[2017-07-13 13:57:40][128077102 -> bot]: тест
[2017-07-13 14:04:24][128077102 -> bot]: /start
[2017-07-13 14:04:24][bot -> 128077102]: Ща погоди... Ну! Чего там у тебя? Столицу какой страны ты забыл?!
[2017-07-13 14:04:35][128077102 -> bot]: бразилия
[2017-07-13 14:04:35][bot -> 128077102]: Название страны пишется с большой, блять, буквы!!! Чучело ты неграмотное!!! Пока не напишешь правильно - не отвечу!
[2017-07-13 14:04:43][128077102 -> bot]: Бразилия
[2017-07-13 14:04:43][bot -> 128077102]: МОЙ БОГ! ОТКУДА ТЫ ТАКОЙ ВЗЯЛСЯ?!!! Это Бразилиа
[2017-07-13 14:12:24][128077102 -> bot]: тест
[2017-07-13 14:13:44][128077102 -> bot]: Тест
[2017-07-13 14:13:57][128077102 -> bot]: тест
[2017-07-13 14:15:22][128077102 -> bot]: /start
[2017-07-13 14:15:22][bot -> 128077102]: Ща погоди... Ну! Чего там у тебя? Столицу какой страны ты забыл?!
[2017-07-13 14:15:41][128077102 -> bot]: германия
[2017-07-13 14:15:41][bot -> 128077102]: Название страны пишется с большой, блять, буквы!!! Чучело ты неграмотное!!! Пока не напишешь правильно - не отвечу!
[2017-07-13 14:15:57][128077102 -> bot]: Германия
[2017-07-13 14:15:57][bot -> 128077102]: Тупой что ли? Это же Берлин
[2017-07-13 14:34:05][-229031523 -> bot]: /start@Countrysearchbot
[2017-07-13 14:35:19][128077102 -> bot]: help
[2017-07-13 14:35:19][bot -> 128077102]: Ща погоди... Ну! Чего там у тебя? Столицу какой страны ты забыл?!
[2017-07-13 14:35:23][128077102 -> bot]: помоги
[2017-07-13 14:35:26][128077102 -> bot]: помоги мне
[2017-07-13 14:35:26][bot -> 128077102]: Ща погоди... Ну! Чего там у тебя? Столицу какой страны ты забыл?!
[2017-07-13 14:35:31][128077102 -> bot]: привет
[2017-07-13 14:35:31][bot -> 128077102]: Ща погоди... Ну! Чего там у тебя? Столицу какой страны ты забыл?!
[2017-07-14 15:55:58][128077102 -> bot]: тест
[2017-07-14 15:56:49][128077102 -> bot]: тест
[2017-07-14 15:57:11][128077102 -> bot]: /start
[2017-07-14 15:57:11][bot -> 128077102]: Ща погоди... Ну! Чего там у тебя? Столицу какой страны ты забыл?!
[2017-07-14 15:57:46][128077102 -> bot]: Замбия
[2017-07-14 15:57:46][bot -> 128077102]: Лусака Мне стыдно за тебя.
[2017-07-14 16:13:31][128077102 -> bot]: хуй
[2017-07-14 16:13:32][bot -> 128077102]: Сам ты ХУЙ!
[2017-07-14 18:47:52][128077102 -> bot]: 36 страница
[2017-07-14 18:48:06][128077102 -> bot]: привет
[2017-07-14 18:48:06][bot -> 128077102]: Ща погоди... Ну! Чего там у тебя? Столицу какой страны ты забыл?!
[2017-07-14 18:59:52][-229031523 -> bot]: /start@Countrysearchbot
[2017-07-14 18:59:52][128077102 -> bot]: /start
[2017-07-14 18:59:52][bot -> 128077102]: Ща погоди... Ну! Чего там у тебя? Столицу какой страны ты забыл?!
[2017-07-14 18:59:52][128077102 -> bot]: привет
[2017-07-14 18:59:52][bot -> 128077102]: Ща погоди... Ну! Чего там у тебя? Столицу какой страны ты забыл?!
[2017-07-15 16:53:44][128077102 -> bot]: 1
[2017-07-15 16:53:47][128077102 -> bot]: /start
[2017-07-15 16:53:48][bot -> 128077102]: Ща погоди... Ну! Чего там у тебя? Столицу какой страны ты забыл?!
[2017-07-15 16:53:52][128077102 -> bot]: Германия
[2017-07-15 16:53:52][bot -> 128077102]: Всегда рад помочь отсталым. Это Берлин
[2017-07-15 18:35:32][-229031523 -> bot]: /start@Countrysearchbot
[2017-07-15 18:37:01][-229031523 -> bot]: /start@Countrysearchbot
[2017-07-15 18:38:54][-229031523 -> bot]: /start@Countrysearchbot
[2017-07-15 18:55:51][128077102 -> bot]: тест
[2017-07-15 19:12:40][128077102 -> bot]: /start
[2017-07-15 19:12:40][bot -> 128077102]: Ща погоди... Ну! Чего там у тебя? Столицу какой страны ты забыл?!
[2017-07-15 19:12:47][128077102 -> bot]: Германия
[2017-07-15 19:12:47][bot -> 128077102]: Стыдно не знать, что это Берлин
[2017-07-15 19:12:54][128077102 -> bot]: хуй
[2017-07-15 19:12:54][bot -> 128077102]: Сам ты ХУЙ!
[2017-07-15 19:13:03][-229031523 -> bot]: /start@Countrysearchbot
[2017-07-15 19:13:38][-229031523 -> bot]: /start@Countrysearchbot
[2017-07-17 10:55:11][-229031523 -> bot]: /start@Countrysearchbot
[2017-07-17 10:55:16][128077102 -> bot]: хуй
[2017-07-17 10:55:17][bot -> 128077102]: Сам ты ХУЙ!
[2017-07-17 11:17:41][-229031523 -> bot]: /start@Countrysearchbot
[2017-07-17 11:30:59][-229031523 -> bot]: /start@Countrysearchbot
[2017-07-17 12:07:27][-229031523 -> bot]: /start@Countrysearchbot
[2017-07-17 12:07:27][128077102 -> bot]: /start
[2017-07-17 12:07:28][bot -> 128077102]: Ща погоди... Ну! Чего там у тебя? Столицу какой страны ты забыл?!
[2017-07-17 14:15:11][-229031523 -> bot]: /start@Countrysearchbot
[2017-07-17 14:25:36][-229031523 -> bot]: /start@Countrysearchbot
[2017-07-19 01:02:12][-229031523 -> bot]: /start@Countrysearchbot
[2017-07-19 01:02:23][-229031523 -> bot]: /start@Countrysearchbot
[2017-07-19 01:15:59][128077102 -> bot]: тест
[2017-07-19 02:34:31][128077102 -> bot]: тест
[2017-07-19 02:54:19][128077102 -> bot]: тест
[2017-07-19 12:21:55][-229031523 -> bot]: /start@Countrysearchbot
[2017-07-19 12:22:22][-229031523 -> bot]: /start@Countrysearchbot
[2017-07-19 12:23:10][128077102 -> bot]: тест
[2017-07-19 12:24:47][-229031523 -> bot]: /start@Countrysearchbot
[2017-07-19 15:08:18][128077102 -> bot]: пидлр
[2017-07-19 15:08:21][128077102 -> bot]: пидор
[2017-07-19 15:08:21][bot -> 128077102]: Спорное утверждение, но одно я знаю точно, что пидор здесь один и это не я
[2017-07-19 15:35:47][128077102 -> bot]: Хуй
[2017-07-19 15:35:47][bot -> 128077102]: Сам ты ХУЙ!
[2017-07-19 15:35:49][128077102 -> bot]: хуй
[2017-07-19 15:35:49][bot -> 128077102]: Сам ты ХУЙ!
[2017-07-19 15:35:57][128077102 -> bot]: ПИДОР
[2017-07-19 15:35:57][bot -> 128077102]: Спорное утверждение, но одно я знаю точно, что пидор здесь один и это не я!
[2017-07-19 16:46:21][-229031523 -> bot]: /start@Countrysearchbot
[2017-07-19 16:50:06][-229031523 -> bot]: /Китай
[2017-07-19 16:52:25][-229031523 -> bot]: /start@Countrysearchbot
[2017-07-19 16:52:35][-229031523 -> bot]: тест
[2017-07-19 16:56:08][-229031523 -> bot]: /Китай
[2017-07-19 16:58:42][-229031523 -> bot]: тест
[2017-07-19 17:01:46][-229031523 -> bot]: /start@Countrysearchbot
[2017-07-19 17:03:05][128077102 -> bot]: тест
[2017-07-19 17:04:06][-229031523 -> bot]: тест
[2017-07-19 17:04:13][-229031523 -> bot]: тест
[2017-07-19 17:05:35][-229031523 -> bot]: тест
[2017-07-19 17:28:12][-229031523 -> bot]: тест
[2017-07-19 17:41:58][-229031523 -> bot]: тест
[2017-07-19 17:42:14][-229031523 -> bot]: тест
[2017-07-19 17:43:06][-229031523 -> bot]: /start@Countrysearchbot
[2017-07-19 17:44:33][-229031523 -> bot]: /start@Countrysearchbot
[2017-07-19 17:45:36][-229031523 -> bot]: /Китай
[2017-07-19 17:45:45][-229031523 -> bot]: тест
[2017-07-19 17:53:23][-229031523 -> bot]: /start@Countrysearchbot
[2017-07-19 17:58:36][-229031523 -> bot]: /Китай
[2017-07-19 17:59:53][-229031523 -> bot]: Китай
[2017-07-19 17:59:53][bot -> -229031523]: У тебя небось в соседней вкладке мультик про Дашу-путешественницу открыт?))) Это Пекин
[2017-07-19 18:01:00][-229031523 -> bot]: Россия
[2017-07-19 18:01:01][bot -> -229031523]: Стыдно не знать, что это Москва
[2017-07-19 18:05:07][-229031523 -> bot]: /start@Countrysearchbot
[2017-07-19 18:05:10][-229031523 -> bot]: /Китай
[2017-07-19 18:05:13][-229031523 -> bot]: Китай
[2017-07-19 18:05:13][bot -> -229031523]: Тупой что ли? Это же Пекин
[2017-07-19 18:06:07][-229031523 -> bot]: /Китай
[2017-07-19 18:06:26][-229031523 -> bot]: /start@Countrysearchbot
[2017-07-19 18:06:51][-229031523 -> bot]: Китай
[2017-07-19 18:06:51][bot -> -229031523]: У тебя небось в соседней вкладке мультик про Дашу-путешественницу открыт?))) Это Пекин
[2017-07-19 18:08:43][-229031523 -> bot]: пидор
[2017-07-19 18:08:43][bot -> -229031523]: Спорное утверждение, но одно я знаю точно, что пидор здесь один и это не я!
[2017-07-19 18:08:51][-229031523 -> bot]: хуй
[2017-07-19 18:08:51][bot -> -229031523]: Сам ты ХУЙ!
[2017-07-19 18:08:54][-229031523 -> bot]: ХУЙ
[2017-07-19 18:08:54][bot -> -229031523]: Сам ты ХУЙ!
[2017-07-19 21:39:32][-229031523 -> bot]: Димбос, потести бота если не впадлу
[2017-07-19 21:45:32][-229031523 -> bot]: ты хуй
[2017-07-19 21:47:03][-229031523 -> bot]: тест
[2017-07-19 21:47:08][-229031523 -> bot]: Китай
[2017-07-19 21:47:08][bot -> -229031523]: Стыдно не знать, что это Пекин
[2017-07-19 21:48:00][-229031523 -> bot]: ты хуй
[2017-07-19 21:48:21][-229031523 -> bot]: ты хуй
[2017-07-19 21:48:21][bot -> -229031523]: Сам ты ХУЙ!
[2017-07-19 21:48:43][-229031523 -> bot]: ты хуй
[2017-07-19 21:48:43][bot -> -229031523]: Сам ты ХУЙ!
[2017-07-20 10:28:06][-229031523 -> bot]: Китай
[2017-07-20 10:28:06][bot -> -229031523]: Пекин Поколение дибилов, блять!
[2017-07-20 10:28:15][-229031523 -> bot]: Россия
[2017-07-20 10:28:15][bot -> -229031523]: Москва Мне стыдно за тебя.
[2017-07-20 10:28:24][-229031523 -> bot]: ЮАР
[2017-07-20 10:28:24][bot -> -229031523]: Кейптаун Претория Тебя оправдывает только солнечный цвет волос!
[2017-07-20 10:28:30][-229031523 -> bot]: АМЕРИКА
[2017-07-20 10:28:33][-229031523 -> bot]: америка
[2017-07-20 10:28:36][-229031523 -> bot]: США
[2017-07-20 10:28:36][bot -> -229031523]: Стыдно не знать, что это Вашингтон
[2017-07-20 10:28:42][-229031523 -> bot]: татарстан
[2017-07-20 10:28:46][-229031523 -> bot]: казань
[2017-07-20 10:29:04][-229031523 -> bot]: Индия
[2017-07-20 10:29:04][bot -> -229031523]: Стыдно не знать, что это Нью-Дели
[2017-07-20 10:29:10][-229031523 -> bot]: Тайланд
[2017-07-20 10:29:10][bot -> -229031523]: Бангкок ТП
[2017-07-20 10:29:15][-229031523 -> bot]: крутяк
[2017-07-20 10:29:16][-229031523 -> bot]: молодец
[2017-07-20 10:31:31][128077102 -> bot]: китай
[2017-07-20 10:31:31][bot -> 128077102]: Название страны пишется с большой, блять, буквы!!! Чучело ты неграмотное!!! Пока не напишешь правильно - не отвечу!
[2017-07-20 10:31:31][-229031523 -> bot]: сша
[2017-07-20 10:31:32][bot -> -229031523]: Название страны пишется с большой, блять, буквы!!! Чучело ты неграмотное!!! Пока не напишешь правильно - не отвечу!
[2017-07-20 10:31:42][-229031523 -> bot]: а вот норм
[2017-07-20 10:52:50][-229031523 -> bot]: ыфв фыв фы вфы выф выф фы фвы
[2017-07-20 10:53:01][-229031523 -> bot]: выф фыв фыв фыв фыв фыв фы вфыв фыв фыв фыв фыв фыв фыв фывфывфы вфыв фыв фыв фывфыв фыв фыв фа пкепе уепу пупкупук куп ку пукпукпкупукпу упк
[2017-07-20 10:53:15][-229031523 -> bot]: текст
[2017-07-20 10:53:51][-229031523 -> bot]: тест
[2017-07-20 10:53:56][-229031523 -> bot]: ааа
[2017-07-20 10:54:07][-229031523 -> bot]: тест
[2017-08-20 00:31:58][128077102 -> bot]: китай
[2017-08-20 00:31:58][bot -> 128077102]: Название страны пишется с большой, блять, буквы!!! Чучело ты неграмотное!!! Пока не напишешь правильно - не отвечу!
[2017-08-20 00:32:01][128077102 -> bot]: Китай
[2017-08-20 00:32:01][bot -> 128077102]: Пекин Мне стыдно за тебя.
[2017-08-20 13:20:20][128077102 -> bot]: Китай
[2017-08-20 13:20:20][bot -> 128077102]: Пекин Тебя оправдывает только солнечный цвет волос!
[2017-08-20 13:51:56][128077102 -> bot]: Ливия
[2017-08-20 13:51:56][bot -> 128077102]: Триполи Тебя оправдывает только солнечный цвет волос!
[2017-08-20 13:51:56][128077102 -> bot]: Китай
[2017-08-20 13:51:57][bot -> 128077102]: Пекин FacePalm
[2017-08-20 13:52:12][128077102 -> bot]: Россия
[2017-08-20 13:52:12][bot -> 128077102]: МОЙ БОГ! ОТКУДА ТЫ ТАКОЙ ВЗЯЛСЯ?!!! Это Москва
[2017-08-20 19:40:47][128077102 -> bot]: Китай
[2017-08-20 19:40:47][bot -> 128077102]: У тебя небось в соседней вкладке мультик про Дашу-путешественницу открыт?))) Это Пекин
[2017-08-20 19:40:47][128077102 -> bot]: Китай
[2017-08-20 19:40:47][bot -> 128077102]: У тебя небось в соседней вкладке мультик про Дашу-путешественницу открыт?))) Это Пекин
[2017-08-21 16:06:34][128077102 -> bot]: Франция
[2017-08-21 16:06:34][bot -> 128077102]: Стыдно не знать, что это Париж
[2017-08-21 16:06:41][128077102 -> bot]: франция
[2017-08-21 16:06:41][bot -> 128077102]: Название страны пишется с большой, блять, буквы!!! Чучело ты неграмотное!!! Пока не напишешь правильно - не отвечу!
